<?xml version="1.0" encoding="UTF-8"?>
<testng-results skipped="0" failed="0" total="1" passed="1">
  <reporter-output>
  </reporter-output>
  <suite name="Default suite" duration-ms="10414" started-at="2020-01-13T06:29:27Z" finished-at="2020-01-13T06:29:38Z">
    <groups>
    </groups>
    <test name="Default test" duration-ms="10414" started-at="2020-01-13T06:29:27Z" finished-at="2020-01-13T06:29:38Z">
      <class name="mavenTestNG.MavenTestusTestNG">
        <test-method status="PASS" signature="beforeTest()[pri:0, instance:mavenTestNG.MavenTestusTestNG@6ea6d14e]" name="beforeTest" is-config="true" duration-ms="8266" started-at="2020-01-13T11:59:27Z" finished-at="2020-01-13T11:59:36Z">
          <reporter-output>
          </reporter-output>
        </test-method> <!-- beforeTest -->
        <test-method status="PASS" signature="f()[pri:0, instance:mavenTestNG.MavenTestusTestNG@6ea6d14e]" name="f" duration-ms="24" started-at="2020-01-13T11:59:36Z" finished-at="2020-01-13T11:59:36Z">
          <reporter-output>
          </reporter-output>
        </test-method> <!-- f -->
        <test-method status="PASS" signature="afterTest()[pri:0, instance:mavenTestNG.MavenTestusTestNG@6ea6d14e]" name="afterTest" is-config="true" duration-ms="2104" started-at="2020-01-13T11:59:36Z" finished-at="2020-01-13T11:59:38Z">
          <reporter-output>
          </reporter-output>
        </test-method> <!-- afterTest -->
      </class> <!-- mavenTestNG.MavenTestusTestNG -->
    </test> <!-- Default test -->
  </suite> <!-- Default suite -->
</testng-results>
